<?xml version="1.0" encoding="UTF-8"?>
<testng-results skipped="0" failed="0" ignored="0" total="1" passed="1">
  <reporter-output>
  </reporter-output>
  <suite name="Surefire suite" duration-ms="12462" started-at="2020-04-11T10:44:50Z" finished-at="2020-04-11T10:45:03Z">
    <groups>
    </groups>
    <test name="Surefire test" duration-ms="12462" started-at="2020-04-11T10:44:50Z" finished-at="2020-04-11T10:45:03Z">
      <class name="com.demo.nopcommerce.testsuite.LogInTest">
        <test-method status="PASS" signature="openBrowser()[pri:0, instance:com.demo.nopcommerce.testsuite.LogInTest@4909b8da]" name="openBrowser" is-config="true" duration-ms="8235" started-at="2020-04-11T10:44:50Z" finished-at="2020-04-11T10:44:58Z">
          <reporter-output>
          </reporter-output>
        </test-method> <!-- openBrowser -->
        <test-method status="PASS" signature="verifyUserShouldNavigateToLoginPage()[pri:0, instance:com.demo.nopcommerce.testsuite.LogInTest@4909b8da]" name="verifyUserShouldNavigateToLoginPage" duration-ms="3619" started-at="2020-04-11T10:44:58Z" finished-at="2020-04-11T10:45:02Z">
          <reporter-output>
          </reporter-output>
        </test-method> <!-- verifyUserShouldNavigateToLoginPage -->
        <test-method status="PASS" signature="tearDown()[pri:0, instance:com.demo.nopcommerce.testsuite.LogInTest@4909b8da]" name="tearDown" is-config="true" duration-ms="552" started-at="2020-04-11T10:45:02Z" finished-at="2020-04-11T10:45:03Z">
          <reporter-output>
          </reporter-output>
        </test-method> <!-- tearDown -->
      </class> <!-- com.demo.nopcommerce.testsuite.LogInTest -->
    </test> <!-- Surefire test -->
  </suite> <!-- Surefire suite -->
</testng-results>
