<?xml version="1.0" encoding="UTF-8"?>
<!-- Generated by org.testng.reporters.JUnitXMLReporter -->
<testsuite hostname="LENSESUK" ignored="0" name="Login Test1" tests="1" failures="1" timestamp="13 Apr 2020 10:11:02 GMT" time="19.197" errors="0">
  <testcase name="verifyUserShouldNavigateToLoginPage1" time="2.338" classname="com.demo.nopcommerce.testsuite.LogInTest1">
    <failure type="java.lang.AssertionError" message="expected [Welcome, Please Sign In!] but found [Welcome, Please Sign Inn!]">
      <![CDATA[java.lang.AssertionError: expected [Welcome, Please Sign In!] but found [Welcome, Please Sign Inn!]
at com.demo.nopcommerce.testsuite.LogInTest1.verifyUserShouldNavigateToLoginPage1(LogInTest1.java:24)
at com.intellij.rt.testng.IDEARemoteTestNG.run(IDEARemoteTestNG.java:66)
at com.intellij.rt.testng.RemoteTestNGStarter.main(RemoteTestNGStarter.java:110)
... Removed 28 stack frames]]>
    </failure>
  </testcase> <!-- verifyUserShouldNavigateToLoginPage1 -->
</testsuite> <!-- Login Test1 -->
